<?xml version="1.0" encoding="utf-8"?>
<CoverageSession xmlns:xsd="http://www.w3.org/2001/XMLSchema" xmlns:xsi="http://www.w3.org/2001/XMLSchema-instance" Version="4.7.922.0">
  <Summary numSequencePoints="0" visitedSequencePoints="0" numBranchPoints="0" visitedBranchPoints="0" sequenceCoverage="0" branchCoverage="0" maxCyclomaticComplexity="0" minCyclomaticComplexity="0" maxCrapScore="0" minCrapScore="0" visitedClasses="0" numClasses="0" visitedMethods="0" numMethods="0" />
  <Modules>
    <Module skippedDueTo="Filter" hash="0C-74-62-1F-24-D5-40-32-2F-3F-93-7C-CA-EC-14-28-0A-16-79-84">
      <ModulePath>C:\Program Files\dotnet\shared\Microsoft.NETCore.App\2.1.8\System.Private.CoreLib.dll</ModulePath>
      <ModuleTime>2019-01-17T19:51:44Z</ModuleTime>
      <ModuleName>System.Private.CoreLib</ModuleName>
      <Classes />
    </Module>
    <Module skippedDueTo="Filter" hash="21-DD-A5-83-43-50-A9-CC-CF-F7-03-40-D9-D9-5D-EA-45-2D-16-05">
      <ModulePath>C:\Users\William Sanders\Documents\GitHubRepos\JValueMasker\src\JValueMaskerTests\bin\Release\netcoreapp2.1\JValueMaskerTests.dll</ModulePath>
      <ModuleTime>2019-03-03T02:25:11.0322293Z</ModuleTime>
      <ModuleName>JValueMaskerTests</ModuleName>
      <Classes />
    </Module>
    <Module skippedDueTo="Filter" hash="C6-E8-74-BE-A5-07-72-7B-EC-10-66-1B-74-C8-0F-8E-89-9F-F9-FB">
      <ModulePath>C:\Program Files\dotnet\shared\Microsoft.NETCore.App\2.1.8\System.Runtime.dll</ModulePath>
      <ModuleTime>2019-01-17T19:51:44Z</ModuleTime>
      <ModuleName>System.Runtime</ModuleName>
      <Classes />
    </Module>
  </Modules>
</CoverageSession>